<?xml version="1.0" encoding="UTF-8"?>
<!-- Generated by org.testng.reporters.JUnitReportReporter -->
<testsuite hostname="DESKTOP-34S6GKH" failures="0" tests="1" name="testCases.TC001_FormSubmission" time="29.662" errors="0" timestamp="2022-06-17T23:37:29 BDT" skipped="0">
  <testcase classname="testCases.TC001_FormSubmission" name="locatorLearnning" time="29.662"/>
  <system-out/>
</testsuite> <!-- testCases.TC001_FormSubmission -->
